c:\temp\npptidy2-master\x64\debug\libtidy.pdb
c:\temp\npptidy2-master\tidy-html5\build\msvc2010\x64\debug\tidylib.obj
c:\temp\npptidy2-master\tidy-html5\build\msvc2010\x64\debug\tags.obj
c:\temp\npptidy2-master\tidy-html5\build\msvc2010\x64\debug\tagask.obj
c:\temp\npptidy2-master\tidy-html5\build\msvc2010\x64\debug\streamio.obj
c:\temp\npptidy2-master\tidy-html5\build\msvc2010\x64\debug\pprint.obj
c:\temp\npptidy2-master\tidy-html5\build\msvc2010\x64\debug\parser.obj
c:\temp\npptidy2-master\tidy-html5\build\msvc2010\x64\debug\localize.obj
c:\temp\npptidy2-master\tidy-html5\build\msvc2010\x64\debug\lexer.obj
c:\temp\npptidy2-master\tidy-html5\build\msvc2010\x64\debug\istack.obj
c:\temp\npptidy2-master\tidy-html5\build\msvc2010\x64\debug\fileio.obj
c:\temp\npptidy2-master\tidy-html5\build\msvc2010\x64\debug\entities.obj
c:\temp\npptidy2-master\tidy-html5\build\msvc2010\x64\debug\config.obj
c:\temp\npptidy2-master\tidy-html5\build\msvc2010\x64\debug\clean.obj
c:\temp\npptidy2-master\tidy-html5\build\msvc2010\x64\debug\buffio.obj
c:\temp\npptidy2-master\tidy-html5\build\msvc2010\x64\debug\attrs.obj
c:\temp\npptidy2-master\tidy-html5\build\msvc2010\x64\debug\attrget.obj
c:\temp\npptidy2-master\tidy-html5\build\msvc2010\x64\debug\attrdict.obj
c:\temp\npptidy2-master\tidy-html5\build\msvc2010\x64\debug\attrask.obj
c:\temp\npptidy2-master\tidy-html5\build\msvc2010\x64\debug\alloc.obj
c:\temp\npptidy2-master\tidy-html5\build\msvc2010\x64\debug\access.obj
c:\temp\npptidy2-master\tidy-html5\build\msvc2010\x64\debug\gdoc.obj
c:\temp\npptidy2-master\tidy-html5\build\msvc2010\x64\debug\win32tc.obj
c:\temp\npptidy2-master\tidy-html5\build\msvc2010\x64\debug\utf8.obj
c:\temp\npptidy2-master\tidy-html5\build\msvc2010\x64\debug\tmbstr.obj
c:\temp\npptidy2-master\tidy-html5\build\msvc2010\x64\debug\mappedio.obj
c:\temp\npptidy2-master\x64\debug\libtidy.lib
c:\temp\npptidy2-master\tidy-html5\build\msvc2010\x64\debug\tidylib.tlog\cl.command.1.tlog
c:\temp\npptidy2-master\tidy-html5\build\msvc2010\x64\debug\tidylib.tlog\cl.read.1.tlog
c:\temp\npptidy2-master\tidy-html5\build\msvc2010\x64\debug\tidylib.tlog\cl.write.1.tlog
c:\temp\npptidy2-master\tidy-html5\build\msvc2010\x64\debug\tidylib.tlog\lib-link.read.1.tlog
c:\temp\npptidy2-master\tidy-html5\build\msvc2010\x64\debug\tidylib.tlog\lib-link.write.1.tlog
c:\temp\npptidy2-master\tidy-html5\build\msvc2010\x64\debug\tidylib.tlog\lib.command.1.tlog
