  access.c
  alloc.c
  attrask.c
  attrdict.c
  attrget.c
  attrs.c
  buffio.c
  clean.c
C:\Temp\NppTidy2-master\tidy-html5\src\clean.c(1851,42): warning C4244: '=': conversion from '__int64' to 'uint', possible loss of data
C:\Temp\NppTidy2-master\tidy-html5\src\clean.c(2451,42): warning C4244: '=': conversion from '__int64' to 'uint', possible loss of data
  config.c
C:\Temp\NppTidy2-master\tidy-html5\src\config.c(826,45): warning C4456: declaration of 'cfg' hides previous local declaration
C:\Temp\NppTidy2-master\tidy-html5\src\config.c(786,21): message : see declaration of 'cfg'
C:\Temp\NppTidy2-master\tidy-html5\src\config.c(832,33): warning C4456: declaration of 'c' hides previous local declaration
C:\Temp\NppTidy2-master\tidy-html5\src\config.c(797,15): message : see declaration of 'c'
  entities.c
  fileio.c
  istack.c
  lexer.c
  localize.c
C:\Temp\NppTidy2-master\tidy-html5\src\localize.c(930,43): warning C4267: 'function': conversion from 'size_t' to 'uint', possible loss of data
C:\Temp\NppTidy2-master\tidy-html5\src\localize.c(933,46): warning C4267: 'function': conversion from 'size_t' to 'uint', possible loss of data
C:\Temp\NppTidy2-master\tidy-html5\src\localize.c(936,45): warning C4267: 'function': conversion from 'size_t' to 'uint', possible loss of data
C:\Temp\NppTidy2-master\tidy-html5\src\localize.c(939,45): warning C4267: 'function': conversion from 'size_t' to 'uint', possible loss of data
C:\Temp\NppTidy2-master\tidy-html5\src\localize.c(942,44): warning C4267: 'function': conversion from 'size_t' to 'uint', possible loss of data
C:\Temp\NppTidy2-master\tidy-html5\src\localize.c(945,47): warning C4267: 'function': conversion from 'size_t' to 'uint', possible loss of data
C:\Temp\NppTidy2-master\tidy-html5\src\localize.c(948,44): warning C4267: 'function': conversion from 'size_t' to 'uint', possible loss of data
  parser.c
  pprint.c
  streamio.c
  tagask.c
  tags.c
  tidylib.c
C:\Temp\NppTidy2-master\tidy-html5\src\tidylib.c(350,38): warning C4312: 'type cast': conversion from 'const ulong' to 'ctmbstr' of greater size
C:\Temp\NppTidy2-master\tidy-html5\src\tidylib.c(1318,24): warning C4456: declaration of 'node' hides previous local declaration
C:\Temp\NppTidy2-master\tidy-html5\src\tidylib.c(1246,11): message : see declaration of 'node'
  Generating Code...
  Compiling...
  tmbstr.c
  utf8.c
  win32tc.c
  gdoc.c
  Generating Code...
  mappedio.c
  tidylib.vcxproj -> C:\Temp\NppTidy2-master\x64\Debug\libtidy.lib
